# JRE version: Java(TM) SE Runtime Environment (8.0_161-b12) (build 1.8.0_161-b12)
# Java VM: Java HotSpot(TM) 64-Bit Server VM (25.161-b12 mixed mode windows-amd64 compressed oops)
Heap:
 PSYoungGen      total 197632K, used 20514K [0x000000076af80000, 0x000000077c480000, 0x00000007c0000000)
  eden space 186880K, 10% used [0x000000076af80000,0x000000076c388a88,0x0000000776600000)
  from space 10752K, 0% used [0x000000077ba00000,0x000000077ba00000,0x000000077c480000)
  to   space 10752K, 0% used [0x000000077af80000,0x000000077af80000,0x000000077ba00000)
 ParOldGen       total 442368K, used 121712K [0x00000006c0e00000, 0x00000006dbe00000, 0x000000076af80000)
  object space 442368K, 27% used [0x00000006c0e00000,0x00000006c84dc018,0x00000006dbe00000)
 Metaspace       used 16581K, capacity 16800K, committed 16896K, reserved 1064960K
  class space    used 1725K, capacity 1792K, committed 1792K, reserved 1048576K
GC Heap History (10 events):
Event: 1.219 GC heap before
{Heap before GC invocations=2 (full 0):
 PSYoungGen      total 76288K, used 69061K [0x000000076af80000, 0x0000000774480000, 0x00000007c0000000)
  eden space 65536K, 100% used [0x000000076af80000,0x000000076ef80000,0x000000076ef80000)
  from space 10752K, 32% used [0x000000076ef80000,0x000000076f2f1550,0x000000076fa00000)
  to   space 10752K, 0% used [0x0000000773a00000,0x0000000773a00000,0x0000000774480000)
 ParOldGen       total 175104K, used 8K [0x00000006c0e00000, 0x00000006cb900000, 0x000000076af80000)
  object space 175104K, 0% used [0x00000006c0e00000,0x00000006c0e02000,0x00000006cb900000)
 Metaspace       used 13343K, capacity 13576K, committed 13696K, reserved 1060864K
  class space    used 1309K, capacity 1404K, committed 1408K, reserved 1048576K
Event: 1.240 GC heap after
Heap after GC invocations=2 (full 0):
 PSYoungGen      total 141824K, used 10725K [0x000000076af80000, 0x0000000774480000, 0x00000007c0000000)
  eden space 131072K, 0% used [0x000000076af80000,0x000000076af80000,0x0000000772f80000)
  from space 10752K, 99% used [0x0000000773a00000,0x00000007744796e8,0x0000000774480000)
  to   space 10752K, 0% used [0x0000000772f80000,0x0000000772f80000,0x0000000773a00000)
 ParOldGen       total 175104K, used 5163K [0x00000006c0e00000, 0x00000006cb900000, 0x000000076af80000)
  object space 175104K, 2% used [0x00000006c0e00000,0x00000006c130adc0,0x00000006cb900000)
 Metaspace       used 13343K, capacity 13576K, committed 13696K, reserved 1060864K
  class space    used 1309K, capacity 1404K, committed 1408K, reserved 1048576K
}
Event: 2.617 GC heap before
{Heap before GC invocations=3 (full 0):
 PSYoungGen      total 141824K, used 141797K [0x000000076af80000, 0x0000000774480000, 0x00000007c0000000)
  eden space 131072K, 100% used [0x000000076af80000,0x0000000772f80000,0x0000000772f80000)
  from space 10752K, 99% used [0x0000000773a00000,0x00000007744796e8,0x0000000774480000)
  to   space 10752K, 0% used [0x0000000772f80000,0x0000000772f80000,0x0000000773a00000)
 ParOldGen       total 175104K, used 5163K [0x00000006c0e00000, 0x00000006cb900000, 0x000000076af80000)
  object space 175104K, 2% used [0x00000006c0e00000,0x00000006c130adc0,0x00000006cb900000)
 Metaspace       used 16507K, capacity 16736K, committed 16896K, reserved 1064960K
  class space    used 1719K, capacity 1792K, committed 1792K, reserved 1048576K
Event: 2.651 GC heap after
Heap after GC invocations=3 (full 0):
 PSYoungGen      total 141824K, used 10732K [0x000000076af80000, 0x000000077c480000, 0x00000007c0000000)
  eden space 131072K, 0% used [0x000000076af80000,0x000000076af80000,0x0000000772f80000)
  from space 10752K, 99% used [0x0000000772f80000,0x00000007739fb010,0x0000000773a00000)
  to   space 10752K, 0% used [0x000000077ba00000,0x000000077ba00000,0x000000077c480000)
 ParOldGen       total 175104K, used 111714K [0x00000006c0e00000, 0x00000006cb900000, 0x000000076af80000)
  object space 175104K, 63% used [0x00000006c0e00000,0x00000006c7b189e0,0x00000006cb900000)
 Metaspace       used 16507K, capacity 16736K, committed 16896K, reserved 1064960K
  class space    used 1719K, capacity 1792K, committed 1792K, reserved 1048576K
}
Event: 2.651 GC heap before
{Heap before GC invocations=4 (full 1):
 PSYoungGen      total 141824K, used 10732K [0x000000076af80000, 0x000000077c480000, 0x00000007c0000000)
  eden space 131072K, 0% used [0x000000076af80000,0x000000076af80000,0x0000000772f80000)
  from space 10752K, 99% used [0x0000000772f80000,0x00000007739fb010,0x0000000773a00000)
  to   space 10752K, 0% used [0x000000077ba00000,0x000000077ba00000,0x000000077c480000)
 ParOldGen       total 175104K, used 111714K [0x00000006c0e00000, 0x00000006cb900000, 0x000000076af80000)
  object space 175104K, 63% used [0x00000006c0e00000,0x00000006c7b189e0,0x00000006cb900000)
 Metaspace       used 16507K, capacity 16736K, committed 16896K, reserved 1064960K
  class space    used 1719K, capacity 1792K, committed 1792K, reserved 1048576K
Event: 2.731 GC heap after
Heap after GC invocations=4 (full 1):
 PSYoungGen      total 141824K, used 0K [0x000000076af80000, 0x000000077c480000, 0x00000007c0000000)
  eden space 131072K, 0% used [0x000000076af80000,0x000000076af80000,0x0000000772f80000)
  from space 10752K, 0% used [0x0000000772f80000,0x0000000772f80000,0x0000000773a00000)
  to   space 10752K, 0% used [0x000000077ba00000,0x000000077ba00000,0x000000077c480000)
 ParOldGen       total 333312K, used 121369K [0x00000006c0e00000, 0x00000006d5380000, 0x000000076af80000)
  object space 333312K, 36% used [0x00000006c0e00000,0x00000006c84866b0,0x00000006d5380000)
 Metaspace       used 16507K, capacity 16736K, committed 16896K, reserved 1064960K
  class space    used 1719K, capacity 1792K, committed 1792K, reserved 1048576K
}
Event: 4.247 GC heap before
{Heap before GC invocations=5 (full 1):
 PSYoungGen      total 141824K, used 131072K [0x000000076af80000, 0x000000077c480000, 0x00000007c0000000)
  eden space 131072K, 100% used [0x000000076af80000,0x0000000772f80000,0x0000000772f80000)
  from space 10752K, 0% used [0x0000000772f80000,0x0000000772f80000,0x0000000773a00000)
  to   space 10752K, 0% used [0x000000077ba00000,0x000000077ba00000,0x000000077c480000)
 ParOldGen       total 333312K, used 121369K [0x00000006c0e00000, 0x00000006d5380000, 0x000000076af80000)
  object space 333312K, 36% used [0x00000006c0e00000,0x00000006c84866b0,0x00000006d5380000)
 Metaspace       used 16562K, capacity 16800K, committed 16896K, reserved 1064960K
  class space    used 1724K, capacity 1792K, committed 1792K, reserved 1048576K
Event: 4.278 GC heap after
Heap after GC invocations=5 (full 1):
 PSYoungGen      total 197632K, used 10752K [0x000000076af80000, 0x000000077c480000, 0x00000007c0000000)
  eden space 186880K, 0% used [0x000000076af80000,0x000000076af80000,0x0000000776600000)
  from space 10752K, 100% used [0x000000077ba00000,0x000000077c480000,0x000000077c480000)
  to   space 10752K, 0% used [0x000000077af80000,0x000000077af80000,0x000000077ba00000)
 ParOldGen       total 333312K, used 239166K [0x00000006c0e00000, 0x00000006d5380000, 0x000000076af80000)
  object space 333312K, 71% used [0x00000006c0e00000,0x00000006cf78fac0,0x00000006d5380000)
 Metaspace       used 16562K, capacity 16800K, committed 16896K, reserved 1064960K
  class space    used 1724K, capacity 1792K, committed 1792K, reserved 1048576K
}
Event: 4.278 GC heap before
{Heap before GC invocations=6 (full 2):
 PSYoungGen      total 197632K, used 10752K [0x000000076af80000, 0x000000077c480000, 0x00000007c0000000)
  eden space 186880K, 0% used [0x000000076af80000,0x000000076af80000,0x0000000776600000)
  from space 10752K, 100% used [0x000000077ba00000,0x000000077c480000,0x000000077c480000)
  to   space 10752K, 0% used [0x000000077af80000,0x000000077af80000,0x000000077ba00000)
 ParOldGen       total 333312K, used 239166K [0x00000006c0e00000, 0x00000006d5380000, 0x000000076af80000)
  object space 333312K, 71% used [0x00000006c0e00000,0x00000006cf78fac0,0x00000006d5380000)
 Metaspace       used 16562K, capacity 16800K, committed 16896K, reserved 1064960K
  class space    used 1724K, capacity 1792K, committed 1792K, reserved 1048576K
Event: 4.328 GC heap after
Heap after GC invocations=6 (full 2):
 PSYoungGen      total 197632K, used 0K [0x000000076af80000, 0x000000077c480000, 0x00000007c0000000)
  eden space 186880K, 0% used [0x000000076af80000,0x000000076af80000,0x0000000776600000)
  from space 10752K, 0% used [0x000000077ba00000,0x000000077ba00000,0x000000077c480000)
  to   space 10752K, 0% used [0x000000077af80000,0x000000077af80000,0x000000077ba00000)
 ParOldGen       total 442368K, used 121712K [0x00000006c0e00000, 0x00000006dbe00000, 0x000000076af80000)
  object space 442368K, 27% used [0x00000006c0e00000,0x00000006c84dc018,0x00000006dbe00000)
 Metaspace       used 16562K, capacity 16800K, committed 16896K, reserved 1064960K
  class space    used 1724K, capacity 1792K, committed 1792K, reserved 1048576K
}

